2024-08-15 12:05:38,630 - extract_to_s3 - INFO - |===============
2024-08-15 12:05:38,630 - extract_to_s3 - INFO - ==> Running Extract Scripts..
2024-08-15 12:05:38,630 - extract_to_s3 - INFO - =======================================
2024-08-15 12:05:38,630 - extract_to_s3 - INFO -  
2024-08-15 12:05:38,630 - extract_to_s3 - INFO - ===========
2024-08-15 12:05:38,630 - extract_to_s3 - INFO - ==> Executing extract_production..
2024-08-15 12:05:38,630 - extract_to_s3 - INFO - ===========
2024-08-15 12:05:39,350 - extract_to_s3 - INFO - Extract script completed in 0.719833999988623 seconds
2024-08-15 12:05:39,350 - extract_to_s3 - INFO - ===========
2024-08-15 12:05:39,350 - extract_to_s3 - INFO - ==> Executing extract_demand..
2024-08-15 12:05:39,350 - extract_to_s3 - INFO - ===========
2024-08-15 12:05:39,586 - extract_to_s3 - INFO - Extract script completed in 0.23574166698381305 seconds
2024-08-15 12:05:39,586 - extract_to_s3 - INFO - ===========
2024-08-15 12:05:39,586 - extract_to_s3 - INFO - ==> Executing extract_price..
2024-08-15 12:05:39,586 - extract_to_s3 - INFO - ===========
2024-08-15 12:05:41,358 - extract_to_s3 - INFO - Extract script completed in 1.7717295829206705 seconds
2024-08-15 12:05:41,358 - extract_to_s3 - INFO - ===========
2024-08-15 12:05:41,358 - extract_to_s3 - INFO - ==> Executing extract_carbon..
2024-08-15 12:05:41,358 - extract_to_s3 - INFO - ===========
2024-08-15 12:05:41,733 - extract_to_s3 - INFO - Extract script completed in 0.3744366670725867 seconds
2024-08-15 12:05:41,733 - extract_to_s3 - INFO - ===============
2024-08-15 12:05:41,733 - extract_to_s3 - INFO - ==> Extract Scripts Complete!
2024-08-15 12:05:41,733 - extract_to_s3 - INFO - =======================================|
2024-08-15 12:05:41,737 - extract_to_s3 - INFO - Pipeline completed in 3.103051207959652 seconds
